This file contains any messages produced by compilers while
running configure, to aid debugging if configure makes a mistake.

It was created by RFpredInterval configure 0.0.0.9000, which was
generated by GNU Autoconf 2.69.  Invocation command line was

  $ ./configure 

## --------- ##
## Platform. ##
## --------- ##

hostname = Cansus-MBP
uname -m = x86_64
uname -r = 20.4.0
uname -s = Darwin
uname -v = Darwin Kernel Version 20.4.0: Thu Apr 22 21:46:47 PDT 2021; root:xnu-7195.101.2~1/RELEASE_X86_64

/usr/bin/uname -p = i386
/bin/uname -X     = unknown

/bin/arch              = unknown
/usr/bin/arch -k       = unknown
/usr/convex/getsysinfo = unknown
/usr/bin/hostinfo      = Mach kernel version:
	 Darwin Kernel Version 20.4.0: Thu Apr 22 21:46:47 PDT 2021; root:xnu-7195.101.2~1/RELEASE_X86_64
Kernel configured for up to 4 processors.
2 processors are physically available.
4 processors are logically available.
Processor type: x86_64h (Intel x86-64h Haswell)
Processors active: 0 1 2 3
Primary memory available: 8.00 gigabytes
Default processor set: 422 tasks, 1610 threads, 4 processors
Load average: 4.57, Mach factor: 0.57
/bin/machine           = unknown
/usr/bin/oslevel       = unknown
/bin/universe          = unknown

PATH: /Users/cansualakus/bin
PATH: /Users/cansualakus/bin
PATH: /usr/local/bin
PATH: /usr/bin
PATH: /bin
PATH: /usr/sbin
PATH: /sbin
PATH: /usr/local/lib
PATH: /usr/local
PATH: /opt/X11/bin
PATH: /Library/Apple/usr/bin
PATH: /Applications/RStudio.app/Contents/MacOS/postback


## ----------- ##
## Core tests. ##
## ----------- ##

configure:1858: checking for gcc
configure:1885: result: clang -mmacosx-version-min=10.13
configure:2114: checking for C compiler version
configure:2123: clang -mmacosx-version-min=10.13 --version >&5
Apple clang version 11.0.0 (clang-1100.0.33.16)
Target: x86_64-apple-darwin20.4.0
Thread model: posix
InstalledDir: /Library/Developer/CommandLineTools/usr/bin
configure:2134: $? = 0
configure:2123: clang -mmacosx-version-min=10.13 -v >&5
Apple clang version 11.0.0 (clang-1100.0.33.16)
Target: x86_64-apple-darwin20.4.0
Thread model: posix
InstalledDir: /Library/Developer/CommandLineTools/usr/bin
clang: warning: argument unused during compilation: '-mmacosx-version-min=10.13' [-Wunused-command-line-argument]
configure:2134: $? = 0
configure:2123: clang -mmacosx-version-min=10.13 -V >&5
clang: error: unsupported option '-V -Wno-framework-include-private-from-public'
clang: error: no input files
configure:2134: $? = 1
configure:2123: clang -mmacosx-version-min=10.13 -qversion >&5
clang: error: unknown argument '-qversion', did you mean '--version'?
clang: error: no input files
configure:2134: $? = 1
configure:2154: checking whether the C compiler works
configure:2176: clang -mmacosx-version-min=10.13 -Wall -g -O2 -UNDEBUG -Wall -pedantic -g -O0 -fdiagnostics-color=always   conftest.c  >&5
configure:2180: $? = 0
configure:2228: result: yes
configure:2231: checking for C compiler default output file name
configure:2233: result: a.out
configure:2239: checking for suffix of executables
configure:2246: clang -mmacosx-version-min=10.13 -o conftest -Wall -g -O2 -UNDEBUG -Wall -pedantic -g -O0 -fdiagnostics-color=always   conftest.c  >&5
configure:2250: $? = 0
configure:2272: result: 
configure:2294: checking whether we are cross compiling
configure:2302: clang -mmacosx-version-min=10.13 -o conftest -Wall -g -O2 -UNDEBUG -Wall -pedantic -g -O0 -fdiagnostics-color=always   conftest.c  >&5
configure:2306: $? = 0
configure:2313: ./conftest
configure:2317: $? = 0
configure:2332: result: no
configure:2337: checking for suffix of object files
configure:2359: clang -mmacosx-version-min=10.13 -c -Wall -g -O2 -UNDEBUG -Wall -pedantic -g -O0 -fdiagnostics-color=always  conftest.c >&5
configure:2363: $? = 0
configure:2384: result: o
configure:2388: checking whether we are using the GNU C compiler
configure:2407: clang -mmacosx-version-min=10.13 -c -Wall -g -O2 -UNDEBUG -Wall -pedantic -g -O0 -fdiagnostics-color=always  conftest.c >&5
configure:2407: $? = 0
configure:2416: result: yes
configure:2425: checking whether clang -mmacosx-version-min=10.13 accepts -g
configure:2445: clang -mmacosx-version-min=10.13 -c -g  conftest.c >&5
configure:2445: $? = 0
configure:2486: result: yes
configure:2503: checking for clang -mmacosx-version-min=10.13 option to accept ISO C89
configure:2566: clang -mmacosx-version-min=10.13  -c -Wall -g -O2 -UNDEBUG -Wall -pedantic -g -O0 -fdiagnostics-color=always  conftest.c >&5
configure:2566: $? = 0
configure:2579: result: none needed
configure:2600: checking for clang -mmacosx-version-min=10.13 option to support OpenMP
configure:2615: clang -mmacosx-version-min=10.13 -o conftest -Wall -g -O2 -UNDEBUG -Wall -pedantic -g -O0 -fdiagnostics-color=always   conftest.c  >&5
[1mconftest.c:11:2: [0m[0;1;31merror: [0m[1munknown type name 'choke'[0m
 choke me
[0;1;32m ^
[0m[1mconftest.c:13:10: [0m[0;1;31mfatal error: [0m[1m'omp.h' file not found[0m
#include <omp.h>
[0;1;32m         ^~~~~~~
[0m2 errors generated.
configure:2615: $? = 1
configure: failed program was:
| /* confdefs.h */
| #define PACKAGE_NAME "RFpredInterval"
| #define PACKAGE_TARNAME "RFpredInterval"
| #define PACKAGE_VERSION "0.0.0.9000"
| #define PACKAGE_STRING "RFpredInterval 0.0.0.9000"
| #define PACKAGE_BUGREPORT "cansu.alakus@hec.ca"
| #define PACKAGE_URL "https://github.com/calakus/RFpredInterval"
| /* end confdefs.h.  */
| 
| #ifndef _OPENMP
|  choke me
| #endif
| #include <omp.h>
| int main () { return omp_get_num_threads (); }
| 
configure:2635: clang -mmacosx-version-min=10.13 -o conftest -Wall -g -O2 -UNDEBUG -Wall -pedantic -g -O0 -fdiagnostics-color=always -fopenmp   conftest.c  >&5
clang: [0;1;31merror: [0munsupported option '-fopenmp'[0m
clang: [0;1;31merror: [0munsupported option '-fopenmp'[0m
configure:2635: $? = 1
configure: failed program was:
| /* confdefs.h */
| #define PACKAGE_NAME "RFpredInterval"
| #define PACKAGE_TARNAME "RFpredInterval"
| #define PACKAGE_VERSION "0.0.0.9000"
| #define PACKAGE_STRING "RFpredInterval 0.0.0.9000"
| #define PACKAGE_BUGREPORT "cansu.alakus@hec.ca"
| #define PACKAGE_URL "https://github.com/calakus/RFpredInterval"
| /* end confdefs.h.  */
| 
| #ifndef _OPENMP
|  choke me
| #endif
| #include <omp.h>
| int main () { return omp_get_num_threads (); }
| 
configure:2635: clang -mmacosx-version-min=10.13 -o conftest -Wall -g -O2 -UNDEBUG -Wall -pedantic -g -O0 -fdiagnostics-color=always -xopenmp   conftest.c  >&5
clang: [0;1;31merror: [0mlanguage not recognized: 'openmp'[0m
configure:2635: $? = 1
configure: failed program was:
| /* confdefs.h */
| #define PACKAGE_NAME "RFpredInterval"
| #define PACKAGE_TARNAME "RFpredInterval"
| #define PACKAGE_VERSION "0.0.0.9000"
| #define PACKAGE_STRING "RFpredInterval 0.0.0.9000"
| #define PACKAGE_BUGREPORT "cansu.alakus@hec.ca"
| #define PACKAGE_URL "https://github.com/calakus/RFpredInterval"
| /* end confdefs.h.  */
| 
| #ifndef _OPENMP
|  choke me
| #endif
| #include <omp.h>
| int main () { return omp_get_num_threads (); }
| 
configure:2635: clang -mmacosx-version-min=10.13 -o conftest -Wall -g -O2 -UNDEBUG -Wall -pedantic -g -O0 -fdiagnostics-color=always -qopenmp   conftest.c  >&5
clang: [0;1;31merror: [0munknown argument '-qopenmp', did you mean '-fopenmp='?[0m
configure:2635: $? = 1
configure: failed program was:
| /* confdefs.h */
| #define PACKAGE_NAME "RFpredInterval"
| #define PACKAGE_TARNAME "RFpredInterval"
| #define PACKAGE_VERSION "0.0.0.9000"
| #define PACKAGE_STRING "RFpredInterval 0.0.0.9000"
| #define PACKAGE_BUGREPORT "cansu.alakus@hec.ca"
| #define PACKAGE_URL "https://github.com/calakus/RFpredInterval"
| /* end confdefs.h.  */
| 
| #ifndef _OPENMP
|  choke me
| #endif
| #include <omp.h>
| int main () { return omp_get_num_threads (); }
| 
configure:2635: clang -mmacosx-version-min=10.13 -o conftest -Wall -g -O2 -UNDEBUG -Wall -pedantic -g -O0 -fdiagnostics-color=always -openmp   conftest.c  >&5
[1mconftest.c:11:2: [0m[0;1;31merror: [0m[1munknown type name 'choke'[0m
 choke me
[0;1;32m ^
[0m[1mconftest.c:13:10: [0m[0;1;31mfatal error: [0m[1m'omp.h' file not found[0m
#include <omp.h>
[0;1;32m         ^~~~~~~
[0m2 errors generated.
configure:2635: $? = 1
configure: failed program was:
| /* confdefs.h */
| #define PACKAGE_NAME "RFpredInterval"
| #define PACKAGE_TARNAME "RFpredInterval"
| #define PACKAGE_VERSION "0.0.0.9000"
| #define PACKAGE_STRING "RFpredInterval 0.0.0.9000"
| #define PACKAGE_BUGREPORT "cansu.alakus@hec.ca"
| #define PACKAGE_URL "https://github.com/calakus/RFpredInterval"
| /* end confdefs.h.  */
| 
| #ifndef _OPENMP
|  choke me
| #endif
| #include <omp.h>
| int main () { return omp_get_num_threads (); }
| 
configure:2635: clang -mmacosx-version-min=10.13 -o conftest -Wall -g -O2 -UNDEBUG -Wall -pedantic -g -O0 -fdiagnostics-color=always -mp   conftest.c  >&5
clang: [0;1;31merror: [0munknown argument '-mp', did you mean '-mtp='?[0m
configure:2635: $? = 1
configure: failed program was:
| /* confdefs.h */
| #define PACKAGE_NAME "RFpredInterval"
| #define PACKAGE_TARNAME "RFpredInterval"
| #define PACKAGE_VERSION "0.0.0.9000"
| #define PACKAGE_STRING "RFpredInterval 0.0.0.9000"
| #define PACKAGE_BUGREPORT "cansu.alakus@hec.ca"
| #define PACKAGE_URL "https://github.com/calakus/RFpredInterval"
| /* end confdefs.h.  */
| 
| #ifndef _OPENMP
|  choke me
| #endif
| #include <omp.h>
| int main () { return omp_get_num_threads (); }
| 
configure:2635: clang -mmacosx-version-min=10.13 -o conftest -Wall -g -O2 -UNDEBUG -Wall -pedantic -g -O0 -fdiagnostics-color=always -omp   conftest.c  >&5
[1mconftest.c:11:2: [0m[0;1;31merror: [0m[1munknown type name 'choke'[0m
 choke me
[0;1;32m ^
[0m[1mconftest.c:13:10: [0m[0;1;31mfatal error: [0m[1m'omp.h' file not found[0m
#include <omp.h>
[0;1;32m         ^~~~~~~
[0m2 errors generated.
configure:2635: $? = 1
configure: failed program was:
| /* confdefs.h */
| #define PACKAGE_NAME "RFpredInterval"
| #define PACKAGE_TARNAME "RFpredInterval"
| #define PACKAGE_VERSION "0.0.0.9000"
| #define PACKAGE_STRING "RFpredInterval 0.0.0.9000"
| #define PACKAGE_BUGREPORT "cansu.alakus@hec.ca"
| #define PACKAGE_URL "https://github.com/calakus/RFpredInterval"
| /* end confdefs.h.  */
| 
| #ifndef _OPENMP
|  choke me
| #endif
| #include <omp.h>
| int main () { return omp_get_num_threads (); }
| 
configure:2635: clang -mmacosx-version-min=10.13 -o conftest -Wall -g -O2 -UNDEBUG -Wall -pedantic -g -O0 -fdiagnostics-color=always -qsmp=omp   conftest.c  >&5
clang: [0;1;31merror: [0munknown argument: '-qsmp=omp'[0m
configure:2635: $? = 1
configure: failed program was:
| /* confdefs.h */
| #define PACKAGE_NAME "RFpredInterval"
| #define PACKAGE_TARNAME "RFpredInterval"
| #define PACKAGE_VERSION "0.0.0.9000"
| #define PACKAGE_STRING "RFpredInterval 0.0.0.9000"
| #define PACKAGE_BUGREPORT "cansu.alakus@hec.ca"
| #define PACKAGE_URL "https://github.com/calakus/RFpredInterval"
| /* end confdefs.h.  */
| 
| #ifndef _OPENMP
|  choke me
| #endif
| #include <omp.h>
| int main () { return omp_get_num_threads (); }
| 
configure:2635: clang -mmacosx-version-min=10.13 -o conftest -Wall -g -O2 -UNDEBUG -Wall -pedantic -g -O0 -fdiagnostics-color=always -homp   conftest.c  >&5
clang: [0;1;31merror: [0munknown argument: '-homp'[0m
configure:2635: $? = 1
configure: failed program was:
| /* confdefs.h */
| #define PACKAGE_NAME "RFpredInterval"
| #define PACKAGE_TARNAME "RFpredInterval"
| #define PACKAGE_VERSION "0.0.0.9000"
| #define PACKAGE_STRING "RFpredInterval 0.0.0.9000"
| #define PACKAGE_BUGREPORT "cansu.alakus@hec.ca"
| #define PACKAGE_URL "https://github.com/calakus/RFpredInterval"
| /* end confdefs.h.  */
| 
| #ifndef _OPENMP
|  choke me
| #endif
| #include <omp.h>
| int main () { return omp_get_num_threads (); }
| 
configure:2635: clang -mmacosx-version-min=10.13 -o conftest -Wall -g -O2 -UNDEBUG -Wall -pedantic -g -O0 -fdiagnostics-color=always -fopenmp=libomp   conftest.c  >&5
clang: [0;1;31merror: [0munsupported argument 'libomp' to option 'fopenmp='[0m
clang: [0;1;31merror: [0munsupported argument 'libomp' to option 'fopenmp='[0m
configure:2635: $? = 1
configure: failed program was:
| /* confdefs.h */
| #define PACKAGE_NAME "RFpredInterval"
| #define PACKAGE_TARNAME "RFpredInterval"
| #define PACKAGE_VERSION "0.0.0.9000"
| #define PACKAGE_STRING "RFpredInterval 0.0.0.9000"
| #define PACKAGE_BUGREPORT "cansu.alakus@hec.ca"
| #define PACKAGE_URL "https://github.com/calakus/RFpredInterval"
| /* end confdefs.h.  */
| 
| #ifndef _OPENMP
|  choke me
| #endif
| #include <omp.h>
| int main () { return omp_get_num_threads (); }
| 
configure:2635: clang -mmacosx-version-min=10.13 -o conftest -Wall -g -O2 -UNDEBUG -Wall -pedantic -g -O0 -fdiagnostics-color=always -Popenmp   conftest.c  >&5
clang: [0;1;31merror: [0munknown argument '-Popenmp', did you mean '-fopenmp='?[0m
configure:2635: $? = 1
configure: failed program was:
| /* confdefs.h */
| #define PACKAGE_NAME "RFpredInterval"
| #define PACKAGE_TARNAME "RFpredInterval"
| #define PACKAGE_VERSION "0.0.0.9000"
| #define PACKAGE_STRING "RFpredInterval 0.0.0.9000"
| #define PACKAGE_BUGREPORT "cansu.alakus@hec.ca"
| #define PACKAGE_URL "https://github.com/calakus/RFpredInterval"
| /* end confdefs.h.  */
| 
| #ifndef _OPENMP
|  choke me
| #endif
| #include <omp.h>
| int main () { return omp_get_num_threads (); }
| 
configure:2635: clang -mmacosx-version-min=10.13 -o conftest -Wall -g -O2 -UNDEBUG -Wall -pedantic -g -O0 -fdiagnostics-color=always --openmp   conftest.c  >&5
clang: [0;1;31merror: [0munsupported option '--openmp', did you mean '-fopenmp='?[0m
configure:2635: $? = 1
configure: failed program was:
| /* confdefs.h */
| #define PACKAGE_NAME "RFpredInterval"
| #define PACKAGE_TARNAME "RFpredInterval"
| #define PACKAGE_VERSION "0.0.0.9000"
| #define PACKAGE_STRING "RFpredInterval 0.0.0.9000"
| #define PACKAGE_BUGREPORT "cansu.alakus@hec.ca"
| #define PACKAGE_URL "https://github.com/calakus/RFpredInterval"
| /* end confdefs.h.  */
| 
| #ifndef _OPENMP
|  choke me
| #endif
| #include <omp.h>
| int main () { return omp_get_num_threads (); }
| 
configure:2649: result: unsupported
configure:2812: creating ./config.status

## ---------------------- ##
## Running config.status. ##
## ---------------------- ##

This file was extended by RFpredInterval config.status 0.0.0.9000, which was
generated by GNU Autoconf 2.69.  Invocation command line was

  CONFIG_FILES    = 
  CONFIG_HEADERS  = 
  CONFIG_LINKS    = 
  CONFIG_COMMANDS = 
  $ ./config.status 

on Cansus-MBP

config.status:721: creating src/Makevars

## ---------------- ##
## Cache variables. ##
## ---------------- ##

ac_cv_c_compiler_gnu=yes
ac_cv_env_CC_set=
ac_cv_env_CC_value=
ac_cv_env_CFLAGS_set=
ac_cv_env_CFLAGS_value=
ac_cv_env_CPPFLAGS_set=
ac_cv_env_CPPFLAGS_value=
ac_cv_env_LDFLAGS_set=
ac_cv_env_LDFLAGS_value=
ac_cv_env_LIBS_set=
ac_cv_env_LIBS_value=
ac_cv_env_build_alias_set=
ac_cv_env_build_alias_value=
ac_cv_env_host_alias_set=
ac_cv_env_host_alias_value=
ac_cv_env_target_alias_set=
ac_cv_env_target_alias_value=
ac_cv_objext=o
ac_cv_prog_ac_ct_CC='clang -mmacosx-version-min=10.13'
ac_cv_prog_c_openmp=unsupported
ac_cv_prog_cc_c89=
ac_cv_prog_cc_g=yes

## ----------------- ##
## Output variables. ##
## ----------------- ##

CC='clang -mmacosx-version-min=10.13'
CFLAGS='-Wall -g -O2 -UNDEBUG -Wall -pedantic -g -O0 -fdiagnostics-color=always'
CPPFLAGS=''
DEFS='-DPACKAGE_NAME=\"RFpredInterval\" -DPACKAGE_TARNAME=\"RFpredInterval\" -DPACKAGE_VERSION=\"0.0.0.9000\" -DPACKAGE_STRING=\"RFpredInterval\ 0.0.0.9000\" -DPACKAGE_BUGREPORT=\"cansu.alakus@hec.ca\" -DPACKAGE_URL=\"https://github.com/calakus/RFpredInterval\"'
ECHO_C='\c'
ECHO_N=''
ECHO_T=''
EXEEXT=''
LDFLAGS=''
LIBOBJS=''
LIBS=''
LTLIBOBJS=''
OBJEXT='o'
OPENMP_CFLAGS=''
PACKAGE_BUGREPORT='cansu.alakus@hec.ca'
PACKAGE_NAME='RFpredInterval'
PACKAGE_STRING='RFpredInterval 0.0.0.9000'
PACKAGE_TARNAME='RFpredInterval'
PACKAGE_URL='https://github.com/calakus/RFpredInterval'
PACKAGE_VERSION='0.0.0.9000'
PATH_SEPARATOR=':'
SHELL='/bin/sh'
ac_ct_CC='clang -mmacosx-version-min=10.13'
bindir='${exec_prefix}/bin'
build_alias=''
datadir='${datarootdir}'
datarootdir='${prefix}/share'
docdir='${datarootdir}/doc/${PACKAGE_TARNAME}'
dvidir='${docdir}'
exec_prefix='${prefix}'
host_alias=''
htmldir='${docdir}'
includedir='${prefix}/include'
infodir='${datarootdir}/info'
libdir='${exec_prefix}/lib'
libexecdir='${exec_prefix}/libexec'
localedir='${datarootdir}/locale'
localstatedir='${prefix}/var'
mandir='${datarootdir}/man'
oldincludedir='/usr/include'
pdfdir='${docdir}'
prefix='/usr/local'
program_transform_name='s,x,x,'
psdir='${docdir}'
sbindir='${exec_prefix}/sbin'
sharedstatedir='${prefix}/com'
sysconfdir='${prefix}/etc'
target_alias=''

## ----------- ##
## confdefs.h. ##
## ----------- ##

/* confdefs.h */
#define PACKAGE_NAME "RFpredInterval"
#define PACKAGE_TARNAME "RFpredInterval"
#define PACKAGE_VERSION "0.0.0.9000"
#define PACKAGE_STRING "RFpredInterval 0.0.0.9000"
#define PACKAGE_BUGREPORT "cansu.alakus@hec.ca"
#define PACKAGE_URL "https://github.com/calakus/RFpredInterval"

configure: exit 0
